<?xml version="1.0" encoding="UTF-8"?>
<!-- Generated by org.testng.reporters.JUnitReportReporter -->
<testsuite skipped="1" hostname="DESKTOP-BEEVCFM" name="testng.TestNGListenerDemo2" tests="3" failures="0" timestamp="11 Feb 2022 12:08:21 GMT" time="11.280" errors="0">
  <testcase name="test4" time="0.002" classname="testng.TestNGListenerDemo2"/>
  <testcase name="test5" time="11.275" classname="testng.TestNGListenerDemo2"/>
  <testcase name="test6" time="0.003" classname="testng.TestNGListenerDemo2">
    <skipped/>
  </testcase> <!-- test6 -->
</testsuite> <!-- testng.TestNGListenerDemo2 -->
