<?xml version="1.0" encoding="UTF-8"?>
<!-- Generated by org.testng.reporters.JUnitReportReporter -->
<testsuite skipped="1" hostname="BS-784" name="testng.TestNGIgnore" tests="3" failures="0" timestamp="14 Feb 2022 10:43:59 GMT" time="0.017" errors="0">
  <testcase name="test1" time="0.015" classname="testng.TestNGIgnore"/>
  <testcase name="test3" time="0.002" classname="testng.TestNGIgnore"/>
  <testcase name="test2" classname="testng.TestNGIgnore">
    <skipped/>
  </testcase> <!-- test2 -->
</testsuite> <!-- testng.TestNGIgnore -->
