<?xml version="1.0" encoding="UTF-8"?>
<!-- Generated by org.testng.reporters.JUnitReportReporter -->
<testsuite skipped="0" hostname="DESKTOP-BEEVCFM" name="testng.PriorityDemo" tests="3" failures="0" timestamp="11 Feb 2022 12:20:51 GMT" time="0.023" errors="0">
  <testcase name="test3" time="0.002" classname="testng.PriorityDemo"/>
  <testcase name="test1" time="0.019" classname="testng.PriorityDemo"/>
  <testcase name="test2" time="0.002" classname="testng.PriorityDemo"/>
</testsuite> <!-- testng.PriorityDemo -->
