<?xml version="1.0" encoding="UTF-8"?>
<!-- Generated by org.testng.reporters.JUnitReportReporter -->
<testsuite skipped="0" hostname="DESKTOP-BEEVCFM" name="testng.MultiBrowserDemo" tests="2" failures="0" timestamp="11 Feb 2022 13:01:02 GMT" time="10.961" errors="0">
  <testcase name="test1" time="5.631" classname="testng.MultiBrowserDemo"/>
  <testcase name="test1" time="5.330" classname="testng.MultiBrowserDemo"/>
</testsuite> <!-- testng.MultiBrowserDemo -->
