<?xml version="1.0" encoding="UTF-8"?>
<!-- Generated by org.testng.reporters.JUnitReportReporter -->
<testsuite skipped="0" hostname="BS-784" name="testng.TestNG_GroupDemo" tests="4" failures="0" timestamp="14 Feb 2022 09:49:15 GMT" time="0.027" errors="0">
  <testcase name="test1" time="0.021" classname="testng.TestNG_GroupDemo"/>
  <testcase name="test3" time="0.002" classname="testng.TestNG_GroupDemo"/>
  <testcase name="test2" time="0.002" classname="testng.TestNG_GroupDemo"/>
  <testcase name="test4" time="0.002" classname="testng.TestNG_GroupDemo"/>
</testsuite> <!-- testng.TestNG_GroupDemo -->
