<?xml version="1.0" encoding="UTF-8"?>
<!-- Generated by org.testng.reporters.JUnitReportReporter -->
<testsuite skipped="0" hostname="BS-784" name="testng.TestNGParameters" tests="1" failures="0" timestamp="14 Feb 2022 08:32:58 GMT" time="0.014" errors="0">
  <testcase name="test" time="0.014" classname="testng.TestNGParameters"/>
</testsuite> <!-- testng.TestNGParameters -->
