<?xml version="1.0" encoding="UTF-8"?>
<!-- Generated by org.testng.reporters.JUnitReportReporter -->
<testsuite skipped="0" hostname="DESKTOP-BEEVCFM" name="test.ExtentReportsTestNG" tests="2" failures="0" timestamp="10 Feb 2022 10:54:07 GMT" time="1.179" errors="0">
  <testcase name="test2" time="1.151" classname="test.ExtentReportsTestNG"/>
  <testcase name="test1" time="0.028" classname="test.ExtentReportsTestNG"/>
</testsuite> <!-- test.ExtentReportsTestNG -->
