<?xml version="1.0" encoding="UTF-8"?>
<!-- Generated by org.testng.reporters.JUnitReportReporter -->
<testsuite skipped="0" hostname="BS-784" name="testng.TestNGDependency" tests="3" failures="0" timestamp="14 Feb 2022 09:49:28 GMT" time="0.023" errors="0">
  <testcase name="test3" time="0.017" classname="testng.TestNGDependency"/>
  <testcase name="test1" time="0.003" classname="testng.TestNGDependency"/>
  <testcase name="test2" time="0.003" classname="testng.TestNGDependency"/>
</testsuite> <!-- testng.TestNGDependency -->
