<?xml version="1.0" encoding="UTF-8"?>
<!-- Generated by org.testng.reporters.JUnitReportReporter -->
<testsuite skipped="0" hostname="BS-784" name="testng.NewTest" tests="2" failures="0" timestamp="14 Feb 2022 07:49:57 GMT" time="12.812" errors="0">
  <testcase name="TestCase1" time="12.353" classname="testng.NewTest"/>
  <testcase name="TestCase2" time="0.459" classname="testng.NewTest"/>
</testsuite> <!-- testng.NewTest -->
